<?xml version="1.0" encoding="UTF-8"?>
<robot generator="Robot 6.1 (Python 3.11.4 on win32)" generated="20230804 11:15:54.270" rpa="false" schemaversion="4">
<suite id="s1" name="Main" source="C:\Users\jerom\Documents\IVVQ_Robot\main.robot">
<test id="s1-t1" name="Connexion" line="25">
<kw name="OpenBrowserRaja" library="keywords" type="SETUP">
<kw name="Open Browser" library="SeleniumLibrary">
<arg>https://www.raja.fr/</arg>
<arg>chrome</arg>
<doc>Opens a new browser instance to the given ``url``.</doc>
<msg timestamp="20230804 11:15:54.862" level="INFO">Opening browser 'chrome' to base url 'https://www.raja.fr/'.</msg>
<status status="PASS" starttime="20230804 11:15:54.862" endtime="20230804 11:15:57.937"/>
</kw>
<kw name="Click Button" library="SeleniumLibrary">
<arg>xpath=/html/body/div[4]/div[2]/button</arg>
<doc>Clicks button identified by ``locator``.</doc>
<msg timestamp="20230804 11:15:57.937" level="INFO">Clicking button 'xpath=/html/body/div[4]/div[2]/button'.</msg>
<status status="PASS" starttime="20230804 11:15:57.937" endtime="20230804 11:15:58.064"/>
</kw>
<kw name="Email" library="FakerLibrary">
<var>${FAKE_MAIL}</var>
<msg timestamp="20230804 11:15:58.065" level="INFO">${FAKE_MAIL} = pruvostgilles@example.org</msg>
<status status="PASS" starttime="20230804 11:15:58.065" endtime="20230804 11:15:58.065"/>
</kw>
<kw name="Set Global Variable" library="BuiltIn">
<arg>${FAKE_MAIL}</arg>
<arg>${FAKE_MAIL}</arg>
<doc>Makes a variable available globally in all tests and suites.</doc>
<msg timestamp="20230804 11:15:58.065" level="INFO">${FAKE_MAIL} = pruvostgilles@example.org</msg>
<status status="PASS" starttime="20230804 11:15:58.065" endtime="20230804 11:15:58.065"/>
</kw>
<kw name="First Name" library="FakerLibrary">
<var>${FAKE_FIRSTNAME}</var>
<msg timestamp="20230804 11:15:58.066" level="INFO">${FAKE_FIRSTNAME} = Gabrielle</msg>
<status status="PASS" starttime="20230804 11:15:58.066" endtime="20230804 11:15:58.066"/>
</kw>
<kw name="Set Global Variable" library="BuiltIn">
<arg>${FAKE_FIRSTNAME}</arg>
<arg>${FAKE_FIRSTNAME}</arg>
<doc>Makes a variable available globally in all tests and suites.</doc>
<msg timestamp="20230804 11:15:58.066" level="INFO">${FAKE_FIRSTNAME} = Gabrielle</msg>
<status status="PASS" starttime="20230804 11:15:58.066" endtime="20230804 11:15:58.066"/>
</kw>
<kw name="Last Name" library="FakerLibrary">
<var>${FAKE_LASTNAME}</var>
<msg timestamp="20230804 11:15:58.066" level="INFO">${FAKE_LASTNAME} = Costa</msg>
<status status="PASS" starttime="20230804 11:15:58.066" endtime="20230804 11:15:58.066"/>
</kw>
<kw name="Set Global Variable" library="BuiltIn">
<arg>${FAKE_LASTNAME}</arg>
<arg>${FAKE_LASTNAME}</arg>
<doc>Makes a variable available globally in all tests and suites.</doc>
<msg timestamp="20230804 11:15:58.066" level="INFO">${FAKE_LASTNAME} = Costa</msg>
<status status="PASS" starttime="20230804 11:15:58.066" endtime="20230804 11:15:58.066"/>
</kw>
<kw name="Phone Number" library="FakerLibrary">
<var>${FAKE_PHONE}</var>
<msg timestamp="20230804 11:15:58.067" level="INFO">${FAKE_PHONE} = +33 4 87 74 27 39</msg>
<status status="PASS" starttime="20230804 11:15:58.066" endtime="20230804 11:15:58.067"/>
</kw>
<kw name="Set Global Variable" library="BuiltIn">
<arg>${FAKE_PHONE}</arg>
<arg>${FAKE_PHONE}</arg>
<doc>Makes a variable available globally in all tests and suites.</doc>
<msg timestamp="20230804 11:15:58.067" level="INFO">${FAKE_PHONE} = +33 4 87 74 27 39</msg>
<status status="PASS" starttime="20230804 11:15:58.067" endtime="20230804 11:15:58.067"/>
</kw>
<kw name="Password" library="FakerLibrary">
<var>${FAKE_PASSWORD}</var>
<doc>Generate a random password of the specified ``length``.</doc>
<msg timestamp="20230804 11:15:58.067" level="INFO">${FAKE_PASSWORD} = zFEqAd)J+8</msg>
<status status="PASS" starttime="20230804 11:15:58.067" endtime="20230804 11:15:58.067"/>
</kw>
<kw name="Set Global Variable" library="BuiltIn">
<arg>${FAKE_PASSWORD}</arg>
<arg>${FAKE_PASSWORD}</arg>
<doc>Makes a variable available globally in all tests and suites.</doc>
<msg timestamp="20230804 11:15:58.067" level="INFO">${FAKE_PASSWORD} = zFEqAd)J+8</msg>
<status status="PASS" starttime="20230804 11:15:58.067" endtime="20230804 11:15:58.067"/>
</kw>
<kw name="Address" library="FakerLibrary">
<var>${FAKE_ADRESS}</var>
<doc>:example: '791 Crist Parks, Sashabury, IL 86039-9874'</doc>
<msg timestamp="20230804 11:15:58.068" level="INFO">${FAKE_ADRESS} = 45, chemin Marchal
55487 Boulanger</msg>
<status status="PASS" starttime="20230804 11:15:58.067" endtime="20230804 11:15:58.068"/>
</kw>
<kw name="Set Global Variable" library="BuiltIn">
<arg>${FAKE_ADRESS}</arg>
<arg>${FAKE_ADRESS}</arg>
<doc>Makes a variable available globally in all tests and suites.</doc>
<msg timestamp="20230804 11:15:58.068" level="INFO">${FAKE_ADRESS} = 45, chemin Marchal
55487 Boulanger</msg>
<status status="PASS" starttime="20230804 11:15:58.068" endtime="20230804 11:15:58.068"/>
</kw>
<kw name="Postcode" library="FakerLibrary">
<var>${FAKE_ZIP}</var>
<doc>Randomly returns a postcode generated from existing french department number.
exemple: '33260'</doc>
<msg timestamp="20230804 11:15:58.069" level="INFO">${FAKE_ZIP} = 97339</msg>
<status status="PASS" starttime="20230804 11:15:58.069" endtime="20230804 11:15:58.069"/>
</kw>
<kw name="Set Global Variable" library="BuiltIn">
<arg>${FAKE_ZIP}</arg>
<arg>${FAKE_ZIP}</arg>
<doc>Makes a variable available globally in all tests and suites.</doc>
<msg timestamp="20230804 11:15:58.069" level="INFO">${FAKE_ZIP} = 97339</msg>
<status status="PASS" starttime="20230804 11:15:58.069" endtime="20230804 11:15:58.069"/>
</kw>
<kw name="City" library="FakerLibrary">
<var>${FAKE_CITY}</var>
<doc>:example: 'Sashabury'</doc>
<msg timestamp="20230804 11:15:58.069" level="INFO">${FAKE_CITY} = Alves</msg>
<status status="PASS" starttime="20230804 11:15:58.069" endtime="20230804 11:15:58.069"/>
</kw>
<kw name="Set Global Variable" library="BuiltIn">
<arg>${FAKE_CITY}</arg>
<arg>${FAKE_CITY}</arg>
<doc>Makes a variable available globally in all tests and suites.</doc>
<msg timestamp="20230804 11:15:58.069" level="INFO">${FAKE_CITY} = Alves</msg>
<status status="PASS" starttime="20230804 11:15:58.069" endtime="20230804 11:15:58.069"/>
</kw>
<status status="PASS" starttime="20230804 11:15:54.861" endtime="20230804 11:15:58.069"/>
</kw>
<kw name="AUT-SC1-N01-2" library="keywords">
<kw name="Click Element" library="SeleniumLibrary">
<arg>${CREATE_ACCNT_ICON}</arg>
<doc>Click element identified by ``locator``.</doc>
<msg timestamp="20230804 11:15:58.070" level="INFO">Clicking element 'xpath=//*[@id="dropdown-account"]/span[1]'.</msg>
<status status="PASS" starttime="20230804 11:15:58.070" endtime="20230804 11:15:58.119"/>
</kw>
<kw name="Sleep" library="BuiltIn">
<arg>3</arg>
<doc>Pauses the test executed for the given time.</doc>
<msg timestamp="20230804 11:16:01.120" level="INFO">Slept 3 seconds</msg>
<status status="PASS" starttime="20230804 11:15:58.119" endtime="20230804 11:16:01.120"/>
</kw>
<kw name="Login" library="keywords">
<arg>connexion</arg>
<arg>3</arg>
<kw name="GetDatasConnexion" library="keywords">
<arg>${feuille}</arg>
<arg>${ligne}</arg>
<tag>data</tag>
<kw name="Open Excel Document" library="ExcelLibrary">
<arg>${data}</arg>
<arg>1</arg>
<doc>Opens xlsx document file.</doc>
<status status="PASS" starttime="20230804 11:16:01.120" endtime="20230804 11:16:01.128"/>
</kw>
<kw name="Read Excel Cell" library="ExcelLibrary">
<var>${user_data}</var>
<arg>${ligne}</arg>
<arg>3</arg>
<arg>${feuille}</arg>
<doc>Returns content of a cell.</doc>
<msg timestamp="20230804 11:16:01.129" level="INFO">${user_data} = rebeccaperry@example.org</msg>
<status status="PASS" starttime="20230804 11:16:01.128" endtime="20230804 11:16:01.129"/>
</kw>
<kw name="Read Excel Cell" library="ExcelLibrary">
<var>${password_data}</var>
<arg>${ligne}</arg>
<arg>4</arg>
<arg>${feuille}</arg>
<doc>Returns content of a cell.</doc>
<msg timestamp="20230804 11:16:01.129" level="INFO">${password_data} = )uyOyfMaD8</msg>
<status status="PASS" starttime="20230804 11:16:01.129" endtime="20230804 11:16:01.129"/>
</kw>
<kw name="Set Global Variable" library="BuiltIn">
<arg>${user_data}</arg>
<doc>Makes a variable available globally in all tests and suites.</doc>
<msg timestamp="20230804 11:16:01.129" level="INFO">${user_data} = rebeccaperry@example.org</msg>
<status status="PASS" starttime="20230804 11:16:01.129" endtime="20230804 11:16:01.129"/>
</kw>
<kw name="Set Global Variable" library="BuiltIn">
<arg>${password_data}</arg>
<doc>Makes a variable available globally in all tests and suites.</doc>
<msg timestamp="20230804 11:16:01.129" level="INFO">${password_data} = )uyOyfMaD8</msg>
<status status="PASS" starttime="20230804 11:16:01.129" endtime="20230804 11:16:01.129"/>
</kw>
<kw name="Close All Excel Documents" library="ExcelLibrary">
<doc>Closes all opened documents.</doc>
<status status="PASS" starttime="20230804 11:16:01.129" endtime="20230804 11:16:01.130"/>
</kw>
<status status="PASS" starttime="20230804 11:16:01.120" endtime="20230804 11:16:01.130"/>
</kw>
<kw name="Input Text" library="SeleniumLibrary">
<arg>${USER_FIELD}</arg>
<arg>${user_data}</arg>
<doc>Types the given ``text`` into text field identified by ``locator``.</doc>
<msg timestamp="20230804 11:16:01.130" level="INFO">Typing text 'rebeccaperry@example.org' into text field 'xpath=//*[@id="UserLoginDropdown"]'.</msg>
<status status="PASS" starttime="20230804 11:16:01.130" endtime="20230804 11:16:01.231"/>
</kw>
<kw name="Sleep" library="BuiltIn">
<arg>3</arg>
<doc>Pauses the test executed for the given time.</doc>
<msg timestamp="20230804 11:16:04.231" level="INFO">Slept 3 seconds</msg>
<status status="PASS" starttime="20230804 11:16:01.231" endtime="20230804 11:16:04.231"/>
</kw>
<kw name="Input Text" library="SeleniumLibrary">
<arg>${PASSWORD_FIELD}</arg>
<arg>${password_data}</arg>
<doc>Types the given ``text`` into text field identified by ``locator``.</doc>
<msg timestamp="20230804 11:16:04.231" level="INFO">Typing text ')uyOyfMaD8' into text field 'xpath=//*[@id="UserPasswordDropdown"]'.</msg>
<status status="PASS" starttime="20230804 11:16:04.231" endtime="20230804 11:16:04.294"/>
</kw>
<status status="PASS" starttime="20230804 11:16:01.120" endtime="20230804 11:16:04.295"/>
</kw>
<kw name="Sleep" library="BuiltIn">
<arg>5</arg>
<doc>Pauses the test executed for the given time.</doc>
<msg timestamp="20230804 11:16:09.295" level="INFO">Slept 5 seconds</msg>
<status status="PASS" starttime="20230804 11:16:04.295" endtime="20230804 11:16:09.295"/>
</kw>
<kw name="Click Element" library="SeleniumLibrary">
<arg>${REMEMBERME_LOGIN_CHECKBOX}</arg>
<doc>Click element identified by ``locator``.</doc>
<msg timestamp="20230804 11:16:09.295" level="INFO">Clicking element 'xpath=//*[@id="stayConnect"]'.</msg>
<status status="PASS" starttime="20230804 11:16:09.295" endtime="20230804 11:16:09.341"/>
</kw>
<kw name="Click Button" library="SeleniumLibrary">
<arg>${LOGIN_BTN}</arg>
<doc>Clicks button identified by ``locator``.</doc>
<msg timestamp="20230804 11:16:09.341" level="INFO">Clicking button 'xpath=//*[@id="dropdownConnexion"]/div[3]/button'.</msg>
<status status="PASS" starttime="20230804 11:16:09.341" endtime="20230804 11:16:09.398"/>
</kw>
<kw name="Element Should Be Visible" library="SeleniumLibrary">
<arg>${ACCOUNT}</arg>
<doc>Verifies that the element identified by ``locator`` is visible.</doc>
<msg timestamp="20230804 11:16:09.419" level="INFO">Element 'xpath=//*[@id="dropdown-account"]' is displayed.</msg>
<status status="PASS" starttime="20230804 11:16:09.398" endtime="20230804 11:16:09.419"/>
</kw>
<status status="PASS" starttime="20230804 11:15:58.070" endtime="20230804 11:16:09.420"/>
</kw>
<tag>Connect</tag>
<status status="PASS" starttime="20230804 11:15:54.861" endtime="20230804 11:16:09.420"/>
</test>
<status status="PASS" starttime="20230804 11:15:54.271" endtime="20230804 11:16:09.421"/>
</suite>
<statistics>
<total>
<stat pass="1" fail="0" skip="0">All Tests</stat>
</total>
<tag>
<stat pass="1" fail="0" skip="0">Connect</stat>
</tag>
<suite>
<stat pass="1" fail="0" skip="0" id="s1" name="Main">Main</stat>
</suite>
</statistics>
<errors>
</errors>
</robot>
