<?xml version="1.0" encoding="UTF-8"?>
<robot generator="Robot 6.1 (Python 3.10.0 on win32)" generated="20230803 10:06:08.331" rpa="false" schemaversion="4">
<suite id="s1" name="IVVQ Robot" source="C:\Users\utilisateur\Documents\AJC-IVVQ\IVVQ_Robot">
<suite id="s1-s1" name="Main" source="C:\Users\utilisateur\Documents\AJC-IVVQ\IVVQ_Robot\main.robot">
<test id="s1-s1-t1" name="test" line="5">
<kw name="test init" library="keywords">
<kw name="Open Browser" library="SeleniumLibrary">
<arg>https://www.raja.fr/</arg>
<arg>chrome</arg>
<doc>Opens a new browser instance to the given ``url``.</doc>
<msg timestamp="20230803 10:06:08.923" level="INFO">Opening browser 'chrome' to base url 'https://www.raja.fr/'.</msg>
<status status="PASS" starttime="20230803 10:06:08.922" endtime="20230803 10:06:11.784"/>
</kw>
<status status="PASS" starttime="20230803 10:06:08.920" endtime="20230803 10:06:11.784"/>
</kw>
<status status="PASS" starttime="20230803 10:06:08.919" endtime="20230803 10:06:11.785"/>
</test>
<status status="PASS" starttime="20230803 10:06:08.360" endtime="20230803 10:06:11.789"/>
</suite>
<status status="PASS" starttime="20230803 10:06:08.335" endtime="20230803 10:06:11.800"/>
</suite>
<statistics>
<total>
<stat pass="1" fail="0" skip="0">All Tests</stat>
</total>
<tag>
</tag>
<suite>
<stat pass="1" fail="0" skip="0" id="s1" name="IVVQ Robot">IVVQ Robot</stat>
<stat pass="1" fail="0" skip="0" id="s1-s1" name="Main">IVVQ Robot.Main</stat>
</suite>
</statistics>
<errors>
<msg timestamp="20230803 10:06:08.759" level="WARN">Imported resource file 'C:\Users\utilisateur\Documents\AJC-IVVQ\IVVQ_Robot\variables.robot' is empty.</msg>
</errors>
</robot>
